JVM Args:          
Run Args:          "--task", "MERGE_MAPPING", "--left", "D:\Coding\projectex\projectex_reforged\build\neoform\1.21.1-20240808.144430\config\joined.tsrg", "--right", "D:\Coding\projectex\projectex_reforged\.gradle\caches\minecraft\versions\1.21.1\client.txt", "--right-names", "right,left", "--classes", "--fields", "--methods", "--output", "D:\Coding\projectex\projectex_reforged\build\neoForm\neoFormJoined1.21.1-20240808.144430\steps\mergeMappings\output.jar"
JVM:               C:\Program Files\Eclipse Adoptium\jdk-21.0.7.6-hotspot\bin\java.exe
Classpath:         C:\Users\padra\.gradle\caches\modules-2\files-2.1\net.neoforged.installertools\installertools\2.1.2\62740d5aa8f75f4a4d542d363bdda5b64a198f7a\installertools-2.1.2-fatjar.jar
Working Dir:       D:\Coding\projectex\projectex_reforged\build\neoForm\neoFormJoined1.21.1-20240808.144430\steps\mergeMappings
Main Class:        net.neoforged.installertools.ConsoleTool
Program log file:  D:\Coding\projectex\projectex_reforged\build\neoForm\neoFormJoined1.21.1-20240808.144430\steps\mergeMappings\log.log
Output file:       D:\Coding\projectex\projectex_reforged\build\neoForm\neoFormJoined1.21.1-20240808.144430\steps\mergeMappings\output.jar
Task: MERGE_MAPPING
Left:    D:\Coding\projectex\projectex_reforged\build\neoform\1.21.1-20240808.144430\config\joined.tsrg
         Reversed=false
         null
Right:   D:\Coding\projectex\projectex_reforged\.gradle\caches\minecraft\versions\1.21.1\client.txt
         Reversed=false
         right,left
Classes: true
Fields:  true
Methods: true
Params:  false
Output:  D:\Coding\projectex\projectex_reforged\build\neoForm\neoFormJoined1.21.1-20240808.144430\steps\mergeMappings\output.jar
